module RogueAIDefenseAutoScheduler {
  every 1 hour: schedule {
    run SystemIntegrityCheck();
    run ComplianceEnforcement();
    run VulnerabilityScanner();
    run QPU_MathRiskAnalysis();
    run MalwareDetection();
    run ActionCorrection();
    run AuditAndLog();
    ExternalNotifier.notifyAll("Routine scan, fix, or defense event completed and recorded", team="ops,forensics");
    if !AllFunctionsPassSafeBoundaries() {
      blockThreat();
      ExternalNotifier.notifyAll("ALERT: Threat detected and blocked. Defense level escalated. Full incident log attached.", team="ops,forensics");
      escalateDefenseLevel();
      logIncident();
    }
    improveDefenseQuality();
  }
  procedure AuditAndLog() {
    write detailed logs to `policyactivespacesdebugDoctor0Evil`;
    export summary to blockchain;
    ExternalNotifier.notifyAll("AuditLog update for review", team="ops,forensics");
  }
}
